<?xml version="1.0" encoding="UTF-8"?>
<testsuite xmlns:xsi="http://www.w3.org/2001/XMLSchema-instance" xsi:noNamespaceSchemaLocation="https://maven.apache.org/surefire/maven-surefire-plugin/xsd/surefire-test-report.xsd" version="3.0.2" name="TestSuite" time="37.95" tests="2" errors="0" skipped="0" failures="0">
  <properties>
[...]
</properties>
  <testcase name="LogoutTc1" classname="Tests.TC1LoginTest" time="3.059">
    <system-out><![CDATA[[INFO] 27-05-2025 17:05:41 [main] [Tests.TC1LoginTest.setup(TC1LoginTest.java:34)] - Edge Driver is opened
[INFO] 27-05-2025 17:05:51 [main] [Tests.TC1LoginTest.setup(TC1LoginTest.java:37)] - Page is redirected to url
[INFO] 27-05-2025 17:05:51 [main] [Listeners.Itest.onTestStart(Itest.java:10)] - Test Case LogoutTc1 started
https://www.saucedemo.com/
]]></system-out>
    <system-err><![CDATA[May 27, 2025 5:05:47 PM org.openqa.selenium.devtools.CdpVersionFinder findNearestMatch
WARNING: Unable to find an exact match for CDP version 136, returning the closest version; found: 135; Please update to a Selenium version that supports CDP version 136
]]></system-err>
  </testcase>
  <testcase name="ValidLoginTc1" classname="Tests.TC1LoginTest" time="0.998">
    <system-out><![CDATA[[INFO] 27-05-2025 17:05:54 [main] [Listeners.Itest.onTestSuccess(Itest.java:15)] - Test Case LogoutTc1 passed
[INFO] 27-05-2025 17:05:57 [main] [Tests.TC1LoginTest.setup(TC1LoginTest.java:34)] - Edge Driver is opened
[INFO] 27-05-2025 17:06:04 [main] [Tests.TC1LoginTest.setup(TC1LoginTest.java:37)] - Page is redirected to url
[INFO] 27-05-2025 17:06:04 [main] [Listeners.Itest.onTestStart(Itest.java:10)] - Test Case ValidLoginTc1 started
]]></system-out>
    <system-err><![CDATA[May 27, 2025 5:06:01 PM org.openqa.selenium.devtools.CdpVersionFinder findNearestMatch
WARNING: Unable to find an exact match for CDP version 136, returning the closest version; found: 135; Please update to a Selenium version that supports CDP version 136
]]></system-err>
  </testcase>
</testsuite>